Info: Starting: Create block symbol file (.bsf)
Info: qsys-generate /home/s3727742/Desktop/EmSysLab/assignment_07/assignment7_folder/ip/soc_system.qsys --block-symbol-file --output-directory=/home/s3727742/Desktop/EmSysLab/assignment_07/assignment7_folder/ip/soc_system --family="Cyclone V" --part=5CSEBA6U23I7
Progress: Loading ip/soc_system.qsys
Progress: Reading input file
Progress: Adding clk_0 [clock_source 23.1]
Progress: Parameterizing module clk_0
Progress: Adding esl_bus_demo_0 [esl_bus_demo 1.0]
Progress: Parameterizing module esl_bus_demo_0
Progress: Adding hps_0 [altera_hps 23.1]
Progress: Parameterizing module hps_0
Progress: Adding pitch_steps_pio [altera_avalon_pio 23.1]
Progress: Parameterizing module pitch_steps_pio
Progress: Adding yaw_steps_pio [altera_avalon_pio 23.1]
Progress: Parameterizing module yaw_steps_pio
Progress: Building connections
Progress: Parameterizing connections
Progress: Validating
Progress: Done reading input file
Info: soc_system.hps_0: HPS Main PLL counter settings: n = 0  m = 63
Info: soc_system.hps_0: HPS peripherial PLL counter settings: n = 0  m = 39
Warning: soc_system.hps_0: set_interface_assignment: Interface "hps_io" does not exist
Info: soc_system.pitch_steps_pio: PIO inputs are not hardwired in test bench. Undefined values will be read from PIO inputs during simulation.
Info: soc_system.yaw_steps_pio: PIO inputs are not hardwired in test bench. Undefined values will be read from PIO inputs during simulation.
Info: qsys-generate succeeded.
Info: Finished: Create block symbol file (.bsf)
Info: 
Info: Starting: Create HDL design files for synthesis
Info: qsys-generate /home/s3727742/Desktop/EmSysLab/assignment_07/assignment7_folder/ip/soc_system.qsys --synthesis=VERILOG --output-directory=/home/s3727742/Desktop/EmSysLab/assignment_07/assignment7_folder/ip/soc_system/synthesis --family="Cyclone V" --part=5CSEBA6U23I7
Progress: Loading ip/soc_system.qsys
Progress: Reading input file
Progress: Adding clk_0 [clock_source 23.1]
Progress: Parameterizing module clk_0
Progress: Adding esl_bus_demo_0 [esl_bus_demo 1.0]
Progress: Parameterizing module esl_bus_demo_0
Progress: Adding hps_0 [altera_hps 23.1]
Progress: Parameterizing module hps_0
Progress: Adding pitch_steps_pio [altera_avalon_pio 23.1]
Progress: Parameterizing module pitch_steps_pio
Progress: Adding yaw_steps_pio [altera_avalon_pio 23.1]
Progress: Parameterizing module yaw_steps_pio
Progress: Building connections
Progress: Parameterizing connections
Progress: Validating
Progress: Done reading input file
Info: soc_system.hps_0: HPS Main PLL counter settings: n = 0  m = 63
Info: soc_system.hps_0: HPS peripherial PLL counter settings: n = 0  m = 39
Warning: soc_system.hps_0: set_interface_assignment: Interface "hps_io" does not exist
Info: soc_system.pitch_steps_pio: PIO inputs are not hardwired in test bench. Undefined values will be read from PIO inputs during simulation.
Info: soc_system.yaw_steps_pio: PIO inputs are not hardwired in test bench. Undefined values will be read from PIO inputs during simulation.
Info: soc_system: Generating soc_system "soc_system" for QUARTUS_SYNTH
Info: esl_bus_demo_0: "soc_system" instantiated esl_bus_demo "esl_bus_demo_0"
Info: hps_0: "Running  for module: hps_0"
Info: hps_0: HPS Main PLL counter settings: n = 0  m = 63
Info: hps_0: HPS peripherial PLL counter settings: n = 0  m = 39
Warning: hps_0: set_interface_assignment: Interface "hps_io" does not exist
Info: hps_0: "soc_system" instantiated altera_hps "hps_0"
Info: pitch_steps_pio: Starting RTL generation for module 'soc_system_pitch_steps_pio'
Info: pitch_steps_pio:   Generation command is [exec /remote/labware/packages/intel/quartus/std/23.1.1/quartus/linux64/perl/bin/perl -I /remote/labware/packages/intel/quartus/std/23.1.1/quartus/linux64/perl/lib -I /remote/labware/packages/intel/quartus/std/23.1.1/quartus/sopc_builder/bin/europa -I /remote/labware/packages/intel/quartus/std/23.1.1/quartus/sopc_builder/bin -I /remote/labware/packages/intel/quartus/std/23.1.1/quartus/../ip/altera/sopc_builder_ip/common -I /remote/labware/packages/intel/quartus/std/23.1.1/quartus/../ip/altera/sopc_builder_ip/altera_avalon_pio -- /remote/labware/packages/intel/quartus/std/23.1.1/quartus/../ip/altera/sopc_builder_ip/altera_avalon_pio/generate_rtl.pl --name=soc_system_pitch_steps_pio --dir=/tmp/alt0605_2389835954140631509.dir/0005_pitch_steps_pio_gen/ --quartus_dir=/remote/labware/packages/intel/quartus/std/23.1.1/quartus --verilog --config=/tmp/alt0605_2389835954140631509.dir/0005_pitch_steps_pio_gen//soc_system_pitch_steps_pio_component_configuration.pl  --do_build_sim=0  ]
Info: pitch_steps_pio: Done RTL generation for module 'soc_system_pitch_steps_pio'
Info: pitch_steps_pio: "soc_system" instantiated altera_avalon_pio "pitch_steps_pio"
Info: yaw_steps_pio: Starting RTL generation for module 'soc_system_yaw_steps_pio'
Info: yaw_steps_pio:   Generation command is [exec /remote/labware/packages/intel/quartus/std/23.1.1/quartus/linux64/perl/bin/perl -I /remote/labware/packages/intel/quartus/std/23.1.1/quartus/linux64/perl/lib -I /remote/labware/packages/intel/quartus/std/23.1.1/quartus/sopc_builder/bin/europa -I /remote/labware/packages/intel/quartus/std/23.1.1/quartus/sopc_builder/bin -I /remote/labware/packages/intel/quartus/std/23.1.1/quartus/../ip/altera/sopc_builder_ip/common -I /remote/labware/packages/intel/quartus/std/23.1.1/quartus/../ip/altera/sopc_builder_ip/altera_avalon_pio -- /remote/labware/packages/intel/quartus/std/23.1.1/quartus/../ip/altera/sopc_builder_ip/altera_avalon_pio/generate_rtl.pl --name=soc_system_yaw_steps_pio --dir=/tmp/alt0605_2389835954140631509.dir/0006_yaw_steps_pio_gen/ --quartus_dir=/remote/labware/packages/intel/quartus/std/23.1.1/quartus --verilog --config=/tmp/alt0605_2389835954140631509.dir/0006_yaw_steps_pio_gen//soc_system_yaw_steps_pio_component_configuration.pl  --do_build_sim=0  ]
Info: yaw_steps_pio: Done RTL generation for module 'soc_system_yaw_steps_pio'
Info: yaw_steps_pio: "soc_system" instantiated altera_avalon_pio "yaw_steps_pio"
Info: avalon_st_adapter: Inserting error_adapter: error_adapter_0
Info: avalon_st_adapter_001: Inserting error_adapter: error_adapter_0
Info: avalon_st_adapter_002: Inserting error_adapter: error_adapter_0
Info: mm_interconnect_0: "soc_system" instantiated altera_mm_interconnect "mm_interconnect_0"
Info: rst_controller: "soc_system" instantiated altera_reset_controller "rst_controller"
Info: fpga_interfaces: "hps_0" instantiated altera_interface_generator "fpga_interfaces"
Info: hps_io: "hps_0" instantiated altera_hps_io "hps_io"
Info: esl_bus_demo_0_s0_translator: "mm_interconnect_0" instantiated altera_merlin_slave_translator "esl_bus_demo_0_s0_translator"
Info: hps_0_h2f_lw_axi_master_agent: "mm_interconnect_0" instantiated altera_merlin_axi_master_ni "hps_0_h2f_lw_axi_master_agent"
Info: esl_bus_demo_0_s0_agent: "mm_interconnect_0" instantiated altera_merlin_slave_agent "esl_bus_demo_0_s0_agent"
Info: esl_bus_demo_0_s0_agent_rsp_fifo: "mm_interconnect_0" instantiated altera_avalon_sc_fifo "esl_bus_demo_0_s0_agent_rsp_fifo"
Info: router: "mm_interconnect_0" instantiated altera_merlin_router "router"
Info: router_002: "mm_interconnect_0" instantiated altera_merlin_router "router_002"
Info: hps_0_h2f_lw_axi_master_wr_limiter: "mm_interconnect_0" instantiated altera_merlin_traffic_limiter "hps_0_h2f_lw_axi_master_wr_limiter"
Info: Reusing file /home/s3727742/Desktop/EmSysLab/assignment_07/assignment7_folder/ip/soc_system/synthesis/submodules/altera_avalon_sc_fifo.v
Info: esl_bus_demo_0_s0_burst_adapter: "mm_interconnect_0" instantiated altera_merlin_burst_adapter "esl_bus_demo_0_s0_burst_adapter"
Info: Reusing file /home/s3727742/Desktop/EmSysLab/assignment_07/assignment7_folder/ip/soc_system/synthesis/submodules/altera_merlin_address_alignment.sv
Info: Reusing file /home/s3727742/Desktop/EmSysLab/assignment_07/assignment7_folder/ip/soc_system/synthesis/submodules/altera_avalon_st_pipeline_base.v
Info: cmd_demux: "mm_interconnect_0" instantiated altera_merlin_demultiplexer "cmd_demux"
Info: cmd_mux: "mm_interconnect_0" instantiated altera_merlin_multiplexer "cmd_mux"
Info: rsp_demux: "mm_interconnect_0" instantiated altera_merlin_demultiplexer "rsp_demux"
Info: rsp_mux: "mm_interconnect_0" instantiated altera_merlin_multiplexer "rsp_mux"
Info: Reusing file /home/s3727742/Desktop/EmSysLab/assignment_07/assignment7_folder/ip/soc_system/synthesis/submodules/altera_merlin_arbitrator.sv
Info: avalon_st_adapter: "mm_interconnect_0" instantiated altera_avalon_st_adapter "avalon_st_adapter"
Info: border: "hps_io" instantiated altera_interface_generator "border"
Info: error_adapter_0: "avalon_st_adapter" instantiated error_adapter "error_adapter_0"
Info: soc_system: Done "soc_system" with 24 modules, 82 files
Info: qsys-generate succeeded.
Info: Finished: Create HDL design files for synthesis
